Using pre-set license
Built from '2020.2/release' branch; Version is '2020.2.1f1 (270dd8c3da1c) revision 2559448'; Using compiler version '192528614'; Build Type 'Release'
OS: 'Windows 10  (10.0.0) 64bit' Language: 'en' Physical Memory: 16327 MB
BatchMode: 1, IsHumanControllingUs: 0, StartBugReporterOnCrash: 0, Is64bit: 1, IsPro: 0

 COMMAND LINE ARGUMENTS:
D:\UNITY\2020.2.1f1\Editor\Unity.exe
-adb2
-batchMode
-noUpm
-name
AssetImportWorker0
-projectPath
F:/Git/MovieMaker/MovieMaker
-logFile
Logs/AssetImportWorker0.log
-srvPort
65468
Successfully changed project path to: F:/Git/MovieMaker/MovieMaker
F:/Git/MovieMaker/MovieMaker
Using Asset Import Pipeline V2.
Refreshing native plugins compatible for Editor in 41.37 ms, found 0 plugins.
Preloading 0 native plugins for Editor in 0.00 ms.
Initialize engine version: 2020.2.1f1 (270dd8c3da1c)
[Subsystems] Discovering subsystems at path D:/UNITY/2020.2.1f1/Editor/Data/Resources/UnitySubsystems
[Subsystems] Discovering subsystems at path F:/Git/MovieMaker/MovieMaker/Assets
GfxDevice: creating device client; threaded=0
Direct3D:
    Version:  Direct3D 11.0 [level 11.1]
    Renderer: NVIDIA GeForce GTX 970 (ID=0x13c2)
    Vendor:   
    VRAM:     4043 MB
    Driver:   27.21.14.5730
Initialize mono
Mono path[0] = 'D:/UNITY/2020.2.1f1/Editor/Data/Managed'
Mono path[1] = 'D:/UNITY/2020.2.1f1/Editor/Data/MonoBleedingEdge/lib/mono/unityjit'
Mono config path = 'D:/UNITY/2020.2.1f1/Editor/Data/MonoBleedingEdge/etc'
Using monoOptions --debugger-agent=transport=dt_socket,embedding=1,server=y,suspend=n,address=127.0.0.1:56236
Begin MonoManager ReloadAssembly
Registering precompiled unity dll's ...
Register platform support module: D:/UNITY/2020.2.1f1/Editor/Data/PlaybackEngines/WindowsStandaloneSupport/UnityEditor.WindowsStandalone.Extensions.dll
Registered in 0.001375 seconds.
Native extension for WindowsStandalone target not found
Refreshing native plugins compatible for Editor in 38.76 ms, found 0 plugins.
Preloading 0 native plugins for Editor in 0.00 ms.
Invoked RoslynAnalysisRunner static constructor.
RoslynAnalysisRunner will not be running.
RoslynAnalysisRunner has terminated.
Mono: successfully reloaded assembly
- Completed reload, in  0.892 seconds
Platform modules already initialized, skipping
Registering precompiled user dll's ...
Registered in 0.001087 seconds.
Begin MonoManager ReloadAssembly
Native extension for WindowsStandalone target not found
Refreshing native plugins compatible for Editor in 36.70 ms, found 0 plugins.
Preloading 0 native plugins for Editor in 0.00 ms.
Invoked RoslynAnalysisRunner static constructor.
RoslynAnalysisRunner will not be running.
RoslynAnalysisRunner has terminated.
Mono: successfully reloaded assembly
- Completed reload, in  0.933 seconds
Platform modules already initialized, skipping
========================================================================
Worker process is ready to serve import requests
Launched and connected shader compiler UnityShaderCompiler.exe after 0.04 seconds
Refreshing native plugins compatible for Editor in 0.44 ms, found 0 plugins.
Preloading 0 native plugins for Editor in 0.00 ms.
Unloading 2335 Unused Serialized files (Serialized files now loaded: 0)
System memory in use before: 97.2 MB.
System memory in use after: 97.4 MB.

Unloading 16 unused Assets to reduce memory usage. Loaded Objects now: 2783.
Total: 2.168400 ms (FindLiveObjects: 0.237100 ms CreateObjectMapping: 0.106600 ms MarkObjects: 1.762500 ms  DeleteObjects: 0.061600 ms)

========================================================================
Received Import Request.
  path: Assets/シーン/Selection.unity
  artifactKey: Guid(d90e9e3854e99ec479278b6e83c87ee6) Importer(815301076,1909f56bfc062723c751e8b465ee728b)
Start importing Assets/シーン/Selection.unity using Guid(d90e9e3854e99ec479278b6e83c87ee6) Importer(815301076,1909f56bfc062723c751e8b465ee728b)  -> (artifact id: '66b642aff2fdc42c22325acc69f608d4') in 0.012260 seconds
  Import took 0.016453 seconds .

========================================================================
Received Import Request.
  Time since last request: 0.000280 seconds.
  path: Assets/シーン/SampleScene.unity
  artifactKey: Guid(2cda990e2423bbf4892e6590ba056729) Importer(815301076,1909f56bfc062723c751e8b465ee728b)
Start importing Assets/シーン/SampleScene.unity using Guid(2cda990e2423bbf4892e6590ba056729) Importer(815301076,1909f56bfc062723c751e8b465ee728b)  -> (artifact id: 'acfead8bbb8244df161a0983aae087fa') in 0.001713 seconds
  Import took 0.005393 seconds .

========================================================================
Received Import Request.
  Time since last request: 0.000214 seconds.
  path: Assets/シーン/aaa.unity
  artifactKey: Guid(e37f0a521fb226745add6b949f2cff83) Importer(815301076,1909f56bfc062723c751e8b465ee728b)
Start importing Assets/シーン/aaa.unity using Guid(e37f0a521fb226745add6b949f2cff83) Importer(815301076,1909f56bfc062723c751e8b465ee728b)  -> (artifact id: '8cfc6c9a29d3fd665fb0e22369c7e236') in 0.002287 seconds
  Import took 0.007089 seconds .

========================================================================
Received Import Request.
  Time since last request: 0.953520 seconds.
  path: Assets/シーン/Stage1.unity
  artifactKey: Guid(0c96a3ddf0d628b4ea9a4464025e4248) Importer(815301076,1909f56bfc062723c751e8b465ee728b)
Start importing Assets/シーン/Stage1.unity using Guid(0c96a3ddf0d628b4ea9a4464025e4248) Importer(815301076,1909f56bfc062723c751e8b465ee728b)  -> (artifact id: '9c366e64f5d35dd119e7dae00d131a48') in 0.001878 seconds
  Import took 0.006429 seconds .

========================================================================
Received Import Request.
  Time since last request: 0.000874 seconds.
  path: Assets/シーン/Stage1.unity
  artifactKey: Guid(0c96a3ddf0d628b4ea9a4464025e4248) Importer(815301076,1909f56bfc062723c751e8b465ee728b)
Start importing Assets/シーン/Stage1.unity using Guid(0c96a3ddf0d628b4ea9a4464025e4248) Importer(815301076,1909f56bfc062723c751e8b465ee728b)  -> (artifact id: '9c366e64f5d35dd119e7dae00d131a48') in 0.001618 seconds
  Import took 0.005951 seconds .

========================================================================
Received Import Request.
  Time since last request: 3.262542 seconds.
  path: Assets/New folder
  artifactKey: Guid(2387ea14746a0ba49a323faa0900bc8b) Importer(815301076,1909f56bfc062723c751e8b465ee728b)
Start importing Assets/New folder using Guid(2387ea14746a0ba49a323faa0900bc8b) Importer(815301076,1909f56bfc062723c751e8b465ee728b)  -> (artifact id: '75a45d15096d10b4893ea0d0c465cb07') in 0.001748 seconds
  Import took 0.006307 seconds .

========================================================================
Received Prepare
Registering precompiled user dll's ...
Registered in 0.001483 seconds.
Begin MonoManager ReloadAssembly
Native extension for WindowsStandalone target not found
Refreshing native plugins compatible for Editor in 0.68 ms, found 0 plugins.
Preloading 0 native plugins for Editor in 0.00 ms.
Invoked RoslynAnalysisRunner static constructor.
RoslynAnalysisRunner will not be running.
RoslynAnalysisRunner has terminated.
Mono: successfully reloaded assembly
- Completed reload, in  0.871 seconds
Platform modules already initialized, skipping
Refreshing native plugins compatible for Editor in 0.43 ms, found 0 plugins.
Preloading 0 native plugins for Editor in 0.00 ms.
Unloading 2302 Unused Serialized files (Serialized files now loaded: 0)
System memory in use before: 95.5 MB.
System memory in use after: 95.7 MB.

Unloading 5 unused Assets to reduce memory usage. Loaded Objects now: 2785.
Total: 2.037500 ms (FindLiveObjects: 0.267100 ms CreateObjectMapping: 0.089500 ms MarkObjects: 1.632700 ms  DeleteObjects: 0.046900 ms)

AssetImportWorkerClient::OnTransportError - code=2 error=End of file
