Using pre-set license
Built from '2020.2/release' branch; Version is '2020.2.1f1 (270dd8c3da1c) revision 2559448'; Using compiler version '192528614'; Build Type 'Release'
OS: 'Windows 10  (10.0.0) 64bit' Language: 'en' Physical Memory: 16327 MB
BatchMode: 1, IsHumanControllingUs: 0, StartBugReporterOnCrash: 0, Is64bit: 1, IsPro: 0

 COMMAND LINE ARGUMENTS:
D:\UNITY\2020.2.1f1\Editor\Unity.exe
-adb2
-batchMode
-noUpm
-name
AssetImportWorker0
-projectPath
F:/Git/MovieMaker/MovieMaker
-logFile
Logs/AssetImportWorker0.log
-srvPort
64973
Successfully changed project path to: F:/Git/MovieMaker/MovieMaker
F:/Git/MovieMaker/MovieMaker
Using Asset Import Pipeline V2.
Refreshing native plugins compatible for Editor in 37.54 ms, found 0 plugins.
Preloading 0 native plugins for Editor in 0.00 ms.
Initialize engine version: 2020.2.1f1 (270dd8c3da1c)
[Subsystems] Discovering subsystems at path D:/UNITY/2020.2.1f1/Editor/Data/Resources/UnitySubsystems
[Subsystems] Discovering subsystems at path F:/Git/MovieMaker/MovieMaker/Assets
GfxDevice: creating device client; threaded=0
Direct3D:
    Version:  Direct3D 11.0 [level 11.1]
    Renderer: NVIDIA GeForce GTX 970 (ID=0x13c2)
    Vendor:   
    VRAM:     4043 MB
    Driver:   27.21.14.5730
Initialize mono
Mono path[0] = 'D:/UNITY/2020.2.1f1/Editor/Data/Managed'
Mono path[1] = 'D:/UNITY/2020.2.1f1/Editor/Data/MonoBleedingEdge/lib/mono/unityjit'
Mono config path = 'D:/UNITY/2020.2.1f1/Editor/Data/MonoBleedingEdge/etc'
Using monoOptions --debugger-agent=transport=dt_socket,embedding=1,server=y,suspend=n,address=127.0.0.1:56052
Begin MonoManager ReloadAssembly
Registering precompiled unity dll's ...
Register platform support module: D:/UNITY/2020.2.1f1/Editor/Data/PlaybackEngines/WindowsStandaloneSupport/UnityEditor.WindowsStandalone.Extensions.dll
Registered in 0.000958 seconds.
Native extension for WindowsStandalone target not found
Refreshing native plugins compatible for Editor in 39.40 ms, found 0 plugins.
Preloading 0 native plugins for Editor in 0.00 ms.
Invoked RoslynAnalysisRunner static constructor.
RoslynAnalysisRunner will not be running.
RoslynAnalysisRunner has terminated.
Mono: successfully reloaded assembly
- Completed reload, in  0.901 seconds
Platform modules already initialized, skipping
Registering precompiled user dll's ...
Registered in 0.001080 seconds.
Begin MonoManager ReloadAssembly
Native extension for WindowsStandalone target not found
Refreshing native plugins compatible for Editor in 47.57 ms, found 0 plugins.
Preloading 0 native plugins for Editor in 0.00 ms.
Invoked RoslynAnalysisRunner static constructor.
RoslynAnalysisRunner will not be running.
RoslynAnalysisRunner has terminated.
Mono: successfully reloaded assembly
- Completed reload, in  1.007 seconds
Platform modules already initialized, skipping
========================================================================
Worker process is ready to serve import requests
Launched and connected shader compiler UnityShaderCompiler.exe after 0.04 seconds
Refreshing native plugins compatible for Editor in 0.46 ms, found 0 plugins.
Preloading 0 native plugins for Editor in 0.00 ms.
Unloading 2335 Unused Serialized files (Serialized files now loaded: 0)
System memory in use before: 97.1 MB.
System memory in use after: 97.3 MB.

Unloading 16 unused Assets to reduce memory usage. Loaded Objects now: 2782.
Total: 3.739000 ms (FindLiveObjects: 0.407700 ms CreateObjectMapping: 0.136100 ms MarkObjects: 3.126600 ms  DeleteObjects: 0.066600 ms)

========================================================================
Received Import Request.
  path: Assets/シーン/New Material.mat
  artifactKey: Guid(40c7744742c656f4b9911894257a71fa) Importer(815301076,1909f56bfc062723c751e8b465ee728b)
Start importing Assets/シーン/New Material.mat using Guid(40c7744742c656f4b9911894257a71fa) Importer(815301076,1909f56bfc062723c751e8b465ee728b)  -> (artifact id: '84ea7aec4f6fece04dc648b03fe65fe9') in 0.122970 seconds
  Import took 0.128184 seconds .

========================================================================
Received Import Request.
  Time since last request: 4.948240 seconds.
  path: Assets/ゲームプレイ
  artifactKey: Guid(6c193c632216da042939a65e718ca572) Importer(815301076,1909f56bfc062723c751e8b465ee728b)
Start importing Assets/ゲームプレイ using Guid(6c193c632216da042939a65e718ca572) Importer(815301076,1909f56bfc062723c751e8b465ee728b)  -> (artifact id: '396ab1b5898b7b51ba03a866deaca679') in 0.001375 seconds
  Import took 0.005836 seconds .

========================================================================
Received Import Request.
  Time since last request: 0.565969 seconds.
  path: Assets/ゲームプレイ/レベルセレクト
  artifactKey: Guid(23a71abff833c2e4a84b61cc5265ce06) Importer(815301076,1909f56bfc062723c751e8b465ee728b)
Start importing Assets/ゲームプレイ/レベルセレクト using Guid(23a71abff833c2e4a84b61cc5265ce06) Importer(815301076,1909f56bfc062723c751e8b465ee728b)  -> (artifact id: '62c1f8613c29620bc7e9968c2df9c401') in 0.001828 seconds
  Import took 0.006754 seconds .

========================================================================
Received Import Request.
  Time since last request: 0.063944 seconds.
  path: Assets/ゲームプレイ/レベルセレクト/GameObject.prefab
  artifactKey: Guid(319d05fa4d376644ba9193ddb2154906) Importer(815301076,1909f56bfc062723c751e8b465ee728b)
Start importing Assets/ゲームプレイ/レベルセレクト/GameObject.prefab using Guid(319d05fa4d376644ba9193ddb2154906) Importer(815301076,1909f56bfc062723c751e8b465ee728b)  -> (artifact id: '1b2ec7c1ea7f554b88d567f6a9514d57') in 0.013922 seconds
  Import took 0.017969 seconds .

========================================================================
Received Import Request.
  Time since last request: 0.000281 seconds.
  path: Assets/ゲームプレイ/レベルセレクト/LevelInstance.prefab
  artifactKey: Guid(c0da6d0e4337fdb48b63766caae0c4d4) Importer(815301076,1909f56bfc062723c751e8b465ee728b)
Start importing Assets/ゲームプレイ/レベルセレクト/LevelInstance.prefab using Guid(c0da6d0e4337fdb48b63766caae0c4d4) Importer(815301076,1909f56bfc062723c751e8b465ee728b)  -> (artifact id: '4eed46122cdfd4750b8e2e4faf45fef1') in 0.003518 seconds
  Import took 0.007851 seconds .

========================================================================
Received Import Request.
  Time since last request: 19.283426 seconds.
  path: Assets/ゲームプレイ/レベルセレクト/New Folder
  artifactKey: Guid(2e14513ecff56c34c86a40b0a1069a68) Importer(815301076,1909f56bfc062723c751e8b465ee728b)
Start importing Assets/ゲームプレイ/レベルセレクト/New Folder using Guid(2e14513ecff56c34c86a40b0a1069a68) Importer(815301076,1909f56bfc062723c751e8b465ee728b)  -> (artifact id: '955c3515c980e6ddff015432518188f2') in 0.001474 seconds
  Import took 0.005460 seconds .

========================================================================
Received Import Request.
  Time since last request: 111.013696 seconds.
  path: Assets
  artifactKey: Guid(00000000000000001000000000000000) Importer(815301076,1909f56bfc062723c751e8b465ee728b)
Start importing Assets using Guid(00000000000000001000000000000000) Importer(815301076,1909f56bfc062723c751e8b465ee728b)  -> (artifact id: 'e1a2c4dac9df7c17871e19a3b74f0e9f') in 0.001450 seconds
  Import took 0.005496 seconds .

========================================================================
Received Import Request.
  Time since last request: 0.190697 seconds.
  path: Assets/プラグイン
  artifactKey: Guid(ea204ffbcc098a745bd838483c0c00fc) Importer(815301076,1909f56bfc062723c751e8b465ee728b)
Start importing Assets/プラグイン using Guid(ea204ffbcc098a745bd838483c0c00fc) Importer(815301076,1909f56bfc062723c751e8b465ee728b)  -> (artifact id: '12b7005b2c3ada9f6e20fe9594885ed2') in 0.001813 seconds
  Import took 0.007449 seconds .

========================================================================
Received Import Request.
  Time since last request: 0.002961 seconds.
  path: Assets/プラグイン
  artifactKey: Guid(ea204ffbcc098a745bd838483c0c00fc) Importer(815301076,1909f56bfc062723c751e8b465ee728b)
Start importing Assets/プラグイン using Guid(ea204ffbcc098a745bd838483c0c00fc) Importer(815301076,1909f56bfc062723c751e8b465ee728b)  -> (artifact id: '12b7005b2c3ada9f6e20fe9594885ed2') in 0.001187 seconds
  Import took 0.005666 seconds .

AssetImportWorkerClient::OnTransportError - code=2 error=End of file
